<?xml version="1.0" encoding="UTF-8"?>
<!-- Generated by org.testng.reporters.JUnitReportReporter -->
<testsuite name="testDDLoginPackage.DataDrivenUserLogin" tests="2" time="51.298" ignored="0" failures="0" timestamp="09 Feb 2017 17:45:15 GMT" skipped="0" hostname="PTL05649" errors="0">
  <testcase name="multipleLogin" time="24.846" classname="testDDLoginPackage.DataDrivenUserLogin"/>
  <testcase name="multipleLogin" time="26.452" classname="testDDLoginPackage.DataDrivenUserLogin"/>
</testsuite> <!-- testDDLoginPackage.DataDrivenUserLogin -->
