<?xml version="1.0" encoding="UTF-8"?>
<!-- Generated by org.testng.reporters.JUnitReportReporter -->
<testsuite skipped="1" hostname="PTL05649" name="testDDLoginPackage.DateDrivenUserLogin" tests="1" failures="0" timestamp="23 Nov 2016 20:53:08 GMT" time="0.000" errors="0">
  <testcase name="multipleLogin" time="0.000" classname="testDDLoginPackage.DateDrivenUserLogin">
    <skipped/>
  </testcase> <!-- multipleLogin -->
</testsuite> <!-- testDDLoginPackage.DateDrivenUserLogin -->
